[    0.000000] random: get_random_bytes called from start_kernel+0x42/0x4ef with crng_init=0
[    0.000000] Linux version 4.13.0-38-generic (buildd@lgw01-amd64-042) (gcc version 7.2.0 (Ubuntu 7.2.0-8ubuntu3.2)) #43-Ubuntu SMP Wed Mar 14 15:20:44 UTC 2018 (Ubuntu 4.13.0-38.43-generic 4.13.16)
[    0.000000] Command line: BOOT_IMAGE=/boot/vmlinuz-4.13.0-38-generic root=LABEL=cloudimg-rootfs ro console=tty1 console=ttyS0
[    0.000000] KERNEL supported cpus:
[    0.000000]   Intel GenuineIntel
[    0.000000]  AMD AutheticAM
[    0.000000]  Centaur CentaurHauls
[    0.000000] x86/fpu: Supporting XSAVE feature 0x001: 'x87 floating point registers'
[    0.000000] x86/fpu: Supporting XSAVE feature 0x002: 'SSE registers'
[   0.00000] x6/fpu: Supprting XSAVEfeatur 0x04: 'AVX register'
[    0.000000] x86/fpu: xstate_offset[2]:  576, xstate_sizes[2]:  256
[    0.000000] x86/fpu: Enabled xstate features 0x7, context size is 832 bytes, using 'standard' format.
[    0.000000] e820: BIOS-provided physical RAM map:
[    0.000000] BIOS-e820: [mem 0x0000000000000000-0x000000000009fbff] usable
[    0.000000] BIOS-e820: [mem 0x000000000009fc00-0x000000000009ffff] reserved
[    0.000000] BIOSee820:[mem 0x00000000000f00000x000000000000ffff] reseved
     0.00000] BIOS-e820: [mem 0x0000000000100000-0x000000003ffeffff] usable
[    0.00000] IIOS-e820: [mm 0x00000003fff0000-0x00000003ffffff] ACPI data
[    0.000000] BIOS-e820: [mem 00000000fec0000-0x00000000fec00fff] reserved
[    0.000000] BIOS-e820: [mem 0x00000000fee00000-0x00000000fee00fff] reserved
[    0.000000] BIOS-e820: [mem 0x00000000fffc0000-0x00000000ffffffff] reserved
[    0.000000] NX (Execute Disable) protection: active
[    0.000000] random: fast init done
[    0.000000] SMBIOS 2.5 present.
[    0.000000] DMI: innotek GmbH VirtualBox/VirtualBox, BIOS VirtualBox 12/01/2006
[    0.000000] Hypervisor detected: KVM
[    0.000000] tsc: Unable to calibrate against PIT
[    0.000000] tsc: No reference (HPET/PMTIMER) available
[    0.000000] e820: last_pfn = 0x3fff0 max_arch_pfn = 0x400000000
[    0.000000] MTRR: Disabled
[    0.000000] x86/PAT: MTRRs disabled, skipping PAT initialization too.
[    0.000000] CPU MTRRs all blank - virtualized system.
[    0.000000] x86/PAT: Configuration [0-7]: WB  WT  UC- UC  WB  WT  UC- UC  
[    0.000000] found SMP MP-table at [mem 0x0009fff0-0x0009ffff] mapped at [ffff8dcd8009fff0]
[    0.000000] Scanning 1 areas for low memory corruption
[    0.000000] RAMDISK:[mem 0x36823000-0x37408fff]
[    0.00000] CPI: Earl tablechecksum verification disabled
[    0.000000] ACPI: RSDP 0x00000000000E0000 000024 (v02 VBOX  )
[    0.000000] ACPI: XSDT 0x000000003FFF0030 00003C (v01 VBOX   VBOXXSDT 00000001 ASL  00000061)
[    0.000000] ACPI: FACP 0x000000003FFF00F0 0000F4 (v04 VBOX   VBOXFACP 00000001 ASL  00000061)
[    0.000000] ACPI: DSDT 0x000000003FFF0470 0021FF (v02 VBOX   VBOXBIOS 00000002 INTL 20100528)
[    0.000000] ACPI: FACS 0x000000003FFF0200 000040
[    0.000000] ACPI: FACS 0x000000003FFF0200 000040
[    0.000000] ACPI: APIC 0x000000003FFF0240 00005C (v02 VBOX   VBOXAPIC 00000001 ASL  00000061)
[    0.000000] ACPI: SSDT 0x000000003FFF02A0 0001CC (v01 VBOX   VBOXCPUT 00000002 INTL 20100528)
[    0.000000] No NUMA configuration found
[    0.000000] Faking a node at [mem 0x0000000000000000-0x000000003ffeffff]
[    0.000000] NODE_DATA(0) allocated [mem 0x3ffc5000-0x3ffeffff]
[    0.000000] kvm-clock: Using msrs 4b564d01 and 4b564d00
[    0.000000] kvm-clock: cpu 0, msr 0:3ff45001, primary cpu clock
[    0.000000] kvm-clock: using sched offset of 6983387428 cycles
[    0.000000] clocksource: kvm-clock: mask: 0xffffffffffffffff max_cycles: 0x1cd42e4dffb, max_idle_ns: 881590591483 ns
[    0.000000] Zone ranges:
[    000000]   DMA      [mem 0x0000000000001000-0x0000000000ffffff]
[    0.000000]   DMA32    [mem 0x0000000001000000-0x000000003ffeffff]
[    0.000000]   Normal   empty
[    0.000000]   Device   empty
[    0.000000] Movable zone start for each node
[    0.000000] Early memory node ranges
[    0.000000]   node   0: [mem 0x0000000000001000-0x000000000009efff]
[    0.000000]   node   0: [mem 0x0000000000100000-0x000000003ffeffff]
[    0.000000] Initmem setup node 0 [mem 0x0000000000001000-0x000000003ffeffff]
[    0.000000] ACPI: PM-Timer IO Port: 0x4008
[    0.000000] IOAPIC[0]: apic_id 2, version 32, address 0xfec00000, GSI 0-23
[    0.000000] ACPI: INT_SRC_OVR (bus 0 bus_irq 0 global_irq 2 dfl dfl)
[    0.000000] ACPI: INT_SRC_OVR (bus 0 bus_irq 9 global_irq 9 low level)
[    0.000000] Using ACPI (MADT) for SMP configuration information
[    0.000000] smpboot: Allowing 2 CPUs, 0 hotplug CPUs
[    0.000000] PM: Registered nosave memory: [mem 0x00000000-0x00000fff]
[    0.000000] PM: Registered nosave memory: [mem 0x0009f000-0x0009ffff]
[    0.000000] PM: Registered nosave memory: [mem 0x000a0000-0x000effff]
[    0.000000] PM: Registered nosave memory: [mem 0x000f0000-0x000fffff]
[    0.000000] e820: [mem 0x40000000-0xfebfffff] available for PCI devices
[    0.000000] Booting paravirtualized kernel on KVM
[    0.000000] clocksource: refined-jiffies: mask: 0xffffffff max_cycles: 0xffffffff, max_idle_ns: 7645519600211568 ns
[    0.000000] setup_percpu: NR_CPUS:8192 nr_cpumask_bits:2 nr_cpu_ids:2 nr_node_ids:1
[    0.000000] percpu: Embedded 45 pages/cpu @ffff8dcdbfc00000 s146520 r8192 d29608 u1048576
[    0.000000] PV qspinlock hash table entries: 256 (order: 0, 4096 bytes)
[    0.000000] Built 1 zonelists in Node order, mobility grouping on.  Total pages: 257913
[    0.000000] Policy zone: DMA32
[    0.000000] Kernel command line: BOOT_IMAGE=/boot/vmlinuz-4.13.0-38-generic root=LABEL=cloudimg-rootfs ro console=tty1 console=ttyS0
[    0.000000] PID hash table entries: 4096 (order: 3, 32768 bytes)
[    0.000000] Memory: 992484K/1048120K available (12300K kernel code, 2482K rwdata, 4000K rodata, 2376K init, 2372K bss, 55636K reserved, 0K cma-reserved)
[    0.000000] SLUB: HWalign=64, Order=0-3, MinObjects=0, CPUs=2, Nodes=1
[    0.000000] Kernel/User page tables isolation: enabled
[    0.000000] ftrace: allocating 37838 entries in 148 pages
[    0.004000] Hierarchical RCU implementation.
[    0.004000] 	RCU restricting CPUs from NR_CPUS=8192 to nr_cpu_ids=2.
[    0.004000] 	Tasks RCU enabled.
[    0.004000] RCU: Adjusting geometry for rcu_fanout_leaf=16, nr_cpu_ids=2
[    0.004000] NR_IRQS: 524544, nr_irqs: 440, preallocated irqs: 16
[    0.004000] Console: colour VGA+ 80x25
[    0.004000] console [tty1] enabled
[    0.004000] console [ttyS0] enabled
[    0.004000] tsc: Detected 2195.022 MHz processor
[    0.004036] Calibrating delay loop (skipped) preset value.. 4390.04 BogoMIPS (lpj=8780088)
[    0.008091] pid_max: default: 32768 minimum: 301
[    0.012073] ACPI: Core revision 20170531
[    0.023298] ACPI: 2 ACPI AML tables successfully acquired and loaded
[    0.028136] Security Framework initialized
[    0.032031] Yama: becoming mindful.
[    0.036159] AppArmor: AppArmor initialized
[    0.042225] Dentry cache hash table entries: 131072 (order: 8, 1048576 bytes)
[    0.044343] Inode-cache hash table entries: 65536 (order: 7, 524288 bytes)
[    0.048083] Mount-cache hash table entries: 2048 (order: 2, 16384 bytes)
[    0.052060] Mountpoint-cache hash table entries: 2048 (order: 2, 16384 bytes)
[    0.056855] CPU: Physical Processor ID: 0
[    0.060029] CPU: Processor Core ID: 0
[    0.064517] FEATURE SPEC_CTRL Not Present
[    0.068042] mce: CPU supports 0 MCE banks
[    0.072174] Last level iTLB entries: 4KB 512, 2MB 8, 4MB 8
[    0.076025] Last level dTLB entries: 4KB 512, 2MB 32, 4MB 32, 1GB 0
[    0.080097] Spectre V2 mitigation: Mitigation: Full generic retpoline
[    0.084028] Spectre V2 mitigation: Speculation control IBPB not-supported IBRS not-supported
[    0.084667] Freeing SMP alternatives memory: 36K
[    0.101995] smpboot: Max logical packages: 1
[    0.105973] x2apic enabled
[    0.108032] Switched APIC routing to physical x2apic.
[    0.120710] ..TIMER: vector=0x30 apic1=0 pin1=2 apic2=-1 pin2=-1
[    0.128000] smpboot: CPU0: Intel(R) Core(TM) i3-2330M CPU @ 2.20GHz (family: 0x6, model: 0x2a, stepping: 0x7)
[    0.128255] Performance Events: unsupported p6 CPU model 42 no PMU driver, software events only.
[    0.132255] Hierarchical SRCU implementation.
[    0.143333] smp: Bringing up secondary CPUs ...
[    0.144507] x86: Booting SMP configuration:
[    0.148016] .... node  #0, CPUs:      #1
[    0.004000] kvm-clock: cpu 1, msr 0:3ff45041, secondary cpu clock
[    0.004000] mce: CPU supports 0 MCE banks
[    0.174180] smp: Brought up 1 node, 2 CPUs
[    0.176032] smpboot: Total of 2 processors activated (8780.08 BogoMIPS)
[    0.184411] devtmpfs: initialized
[    0.192250] x86/mm: Memory block size: 128MB
[    0.196542] evm: security.selinux
[    0.200030] evm: security.SMACK64
[    0.204012] evm: security.SMACK64EXEC
[    0.208011] evm: security.SMACK64TRANSMUTE
[    0.212016] evm: security.SMACK64MMAP
[    0.216011] evm: security.ima
[    0.220012] evm: security.capability
[    0.228356] clocksource: jiffies: mask: 0xffffffff max_cycles: 0xffffffff, max_idle_ns: 7645041785100000 ns
[    0.232039] futex hash table entries: 512 (order: 3, 32768 bytes)
[    0.240071] pinctrl core: initialized pinctrl subsystem
[    0.248540] RTC time:  9:27:18, date: 04/24/18
[    0.252744] NET: Registered protocol family 16
[    0.257033] cpuidle: using governor ladder
[    0.260110] cpuidle: using governor menu
[    0.264088] PCCT header not found.
[    0.268153] ACPI: bus type PCI registered
[    0.272012] acpiphp: ACPI Hot Plug PCI Controller Driver version: 0.5
[    0.276453] PCI: Using configuration type 1 for base access
[    0.285433] HugeTLB registered 2.00 MiB page size, pre-allocated 0 pages
[    0.288429] ACPI: Added _OSI(Module Device)
[    0.292038] ACPI: Added _OSI(Processor Device)
[    0.296021] ACPI: Added _OSI(3.0 _SCP Extensions)
[    0.300016] ACPI: Added _OSI(Processor Aggregator Device)
[    0.305790] ACPI: Executed 1 blocks of module-level executable AML code
[    0.319850] ACPI: Interpreter enabled
[    0.320069] ACPI: (supports S0 S5)
[    0.324019] ACPI: Using IOAPIC for interrupt routing
[    0.329132] PCI: Using host bridge windows from ACPI; if necessary, use "pci=nocrs" and report a bug
[    0.336406] ACPI: Enabled 2 GPEs in block 00 to 07
[    0.362191] ACPI: PCI Root Bridge [PCI0] (domain 0000 [bus 00-ff])
[    0.364044] acpi PNP0A03:00: _OSC: OS supports [ASPM ClockPM Segments MSI]
[    0.368147] acpi PNP0A03:00: _OSC: not requesting OS control; OS requires [ExtendedConfig ASPM ClockPM MSI]
[    0.372063] acpi PNP0A03:00: fail to add MMCONFIG information, can't access extended PCI configuration space under this bridge.
[    0.378040] PCI host bridge to bus 0000:00
[    0.380029] pci_bus 0000:00: root bus resource [io  0x0000-0x0cf7 window]
[    0.384032] pci_bus 0000:00: root bus resource [io  0x0d00-0xffff window]
[    0.388033] pci_bus 0000:00: root bus resource [mem 0x000a0000-0x000bffff window]
[    0.392030] pci_bus 0000:00: root bus resource [mem 0x40000000-0xfdffffff window]
[    0.396030] pci_bus 0000:00: root bus resource [bus 00-ff]
[    0.412763] pci 0000:00:01.1: legacy IDE quirk: reg 0x10: [io  0x01f0-0x01f7]
[    0.416024] pci 0000:00:01.1: legacy IDE quirk: reg 0x14: [io  0x03f6]
[    0.420027] pci 0000:00:01.1: legacy IDE quirk: reg 0x18: [io  0x0170-0x0177]
[    0.424023] pci 0000:00:01.1: legacy IDE quirk: reg 0x1c: [io  0x0376]
[    0.514228] pci 0000:00:07.0: quirk: [io  0x4000-0x403f] claimed by PIIX4 ACPI
[    0.516115] pci 0000:00:07.0: quirk: [io  0x4100-0x410f] claimed by PIIX4 SMB
[    0.560645] ACPI: PCI Interrupt Link [LNKA] (IRQs 5 9 10 *11)
[    0.565578] ACPI: PCI Interrupt Link [LNKB] (IRQs 5 9 *10 11)
[    0.568392] ACPI: PCI Interrupt Link [LNKC] (IRQs 5 *9 10 11)
[    0.576558] ACPI: PCI Interrupt Link [LNKD] (IRQs 5 9 10 *11)
[    0.585024] SCSI subsystem initialized
[    0.588186] pci 0000:00:02.0: vgaarb: setting as boot VGA device
[    0.592000] pci 0000:00:02.0: vgaarb: VGA device added: decodes=io+mem,owns=io+mem,locks=none
[    0.592032] pci 0000:00:02.0: vgaarb: bridge control possible
[    0.596015] vgaarb: loaded
[    0.600148] ACPI: bus type USB registered
[    0.604077] usbcore: registered new interface driver usbfs
[    0.608065] usbcore: registered new interface driver hub
[    0.612107] usbcore: registered new device driver usb
[    0.616242] EDAC MC: Ver: 3.0.0
[    0.624835] PCI: Using ACPI for IRQ routing
[    0.629125] NetLabel: Initializing
[    0.632010] NetLabel:  domain hash size = 128
[    0.636007] NetLabel:  protocols = UNLABELED CIPSOv4 CALIPSO
[    0.644100] NetLabel:  unlabeled traffic allowed by default
[    0.648238] clocksource: Switched to clocksource kvm-clock
[    8109] VFS: Disk quotas dquot_6.6.0
[    1.146995] VFS: Dquot-cache hash table entries: 512 (order 0, 4096 bytes)
[    1.152482] AppArmor: AppArmor Filesystem Enabled
[    1.156111] pnp: PnP ACPI init
[    1.162473] pnp: PnP ACPI: found 3 devices
[   1.344]clocksource: acpi_pm: mask: 0xffffff max_cycles: 0xffffff, max_idle_ns: 2085701024 ns
[   .582950] NET: Registered potcol fami 2

[   2.087770] TCPesabised hash table entries: 8192 (rdr:4,6536byes
[    3.073411] TCP bind hash table entries: 8192 (order: 5, 131072 bytes)
[    3.08255] TCP: Hash tables configured (established 8192 bind 8192)
[    3.279301] UDP hash table entries 52 orer: 2, 16384 bytes)
[    3.579390] UDP-Lite hash table enris: 512 (order: 2, 16384 bytes)
[   .7806] NET: Registered protocol family 1
[    4.178137] pci 0000:00:00.0: Limiting direct PCI/PCI transfers
[   .2480]pc 00000010:Acivating ISA DMA hang workarounds
[    5.084369] pci 0000:00:02.0: Video device with shadowed ROM at [mem 0x000c0000-0x000dffff]
[    5.093959] Unpacking initramfs...
[   13.880921] Freeing initrd memory: 12184K
[   13.927642] platform rtc_cmos: registered platform RTC device (no PNP device found)
[   13.961167] Scanning for low memory corruption every 60 seconds
[   13.981649] audit: initializing netlink subsys (disabled)
[   13.997738] audit: type=2000 audit(1524562051.200:1): state=initialized audit_enabled=0 res=1
[   13.998621] Initialise system trusted keyrings
[   13.998645] Key type blacklist registered
[   13.998724] workingset: timestamp_bits=36 max_order=18 bucket_order=0
[   14.004265] zbud: loaded
[   14.005840] squashfs: version 4.0 (2009/01/31) Phillip Lougher
[   14.006292] fuse init (API version 7.26)
[   14.009600] Key type asymmetric registered
[   14.009604] Asymmetric key parser 'x509' registered
[   14.009735] Block layer SCSI generic (bsg) driver version 0.4 loaded (major 247)
[   14.009853] io scheduler noop registered
[   14.009856] io scheduler deadline registered
[   14.009966] io scheduler cfq registered (default)
[   14.104584] ACPI: AC Adapter [AC] (on-line)
[   14.166318] input: Power Button as /devices/LNXSYSTM:00/LNXPWRBN:00/input/input0
[   14.227268] ACPI: Power Button [PWRF]
[   14.241321] input: Sleep Button as /devices/LNXSYSTM:00/LNXSLPBN:00/input/input1
[   14.254037] ACPI: Sleep Button [SLPF]
[   14.263355] ACPI: Battery Slot [BAT0] (battery present)
[   14.265077] GHES: HEST is not enabled!
[   14.265393] Serial: 8250/16550 driver, 32 ports, IRQ sharing enabled
[   14.304272] 00:02: ttyS0 at I/O 0x3f8 (irq = 4, base_baud = 115200) is a 16550A
[   14.313350] Linux agpgart interface v0.103
[   14.8287 loop: module lad
[ 14.802815]sci ost0: tapix
[   14.9453 tc: Refined TSC clocksource calibration: 295.349 MHz
[   14.940551] clocksource: tsc: mask: 0xffffffffffffffff max_cycles: 0x1fa508fc37d, max_idle_ns: 440795206797 ns
[   15.892228] scsi host1: ata_piix
[   15.904554] ata1: PATA max UDMA/33 cmd 0x1f0 ctl 0x3f6 bmdma 0xd000 irq 14
[   16.002190] ata2: PATA max UDMA/33 cmd 0x170 ctl 0x376 bmdma 0xd008 irq 15
[   16.083777] libphy: Fixed MDIO Bus: probed
[   16.087920] tun: Universal TUN/TAP device driver, 1.6
[   16.100236] PPP generic driver version 2.4.2
[   16.146013] ehci_hcd: USB 2.0 'Enhanced' Host Controller (EHCI) Driver
[   16.239531] ehci-pci: EHCI PCI platform driver
[   16.294338] ehci-platform: EHCI generic platform driver
[   16.355043] ohci_hcd: USB 1.1 'Open' Host Controller (OHCI) Driver
[   16.479331] ohci-pci: OHCI PCI platform driver
[   16.508789] ohci-platform: OHCI generic platform driver
[   16.531853] uhci_hcd: USB Universal Host Controller Interface driver
[   16.674122] i8042: PNP: PS/2 Controller [PNP0303:PS2K,PNP0f03:PS2M] at 0x60,0x64 irq 1,12
[   16.809783] serio: i8042 KBD port at 0x60,0x64 irq 1
[   16.912990 sri: i8042 UXpot t 60x6 i 1
[   179991] mosedev: PS/2 mouse device common for all mice
[  12728] npt: T rasledSet 2 eyboard as /devce/platform/i8042/serio0/input/input2

[   9.4156] tc_cmos rtc_cmos: rtc core: registered rtc_cmos as rtc0

[   19.729665] rtc_cmos rtc_cmos: alarms up to one day, 114 bytes nvram
[   19.737988] i2c /dev entries drive

[   19.833392] device-mapper: uevent: version 1.0.3
[   19.842543] device-mapper: ioctl: 4.37.0-ioctl (2017-09-20) initialised: dm-devel@redhat.com
[   19.866068] ledtrig-cpu: registered to indicate activity on CPUs
[   19.877158] NET: Registered protocol family 10
[   19.912497] Segment Routing with IPv6
[   19.918289] NET: Registered protocol family 17
[   19.923171] Key type dns_resolver registered
[   19.931354] RAS: Correctable Errors collector initialized.
[   19.939957] sched_clock: Marking stable (19939822799, 0)->(30749162175, -10809339376)
[   19.950809] registered taskstats version 1
[   19.959096] Loading compiled-in X.509 certificates
[   19.975261] Loaded X.509 cert 'Build time autogenerated kernel key: 4f0e518fe6e203292fbf35df5fac675bae7fc15a'
[   19.990095] zswap: loaded using pool lzo/zbud
[   20.013966] Key type big_key registered
[   20.021310] Key type trusted registered
[   20.037744] Key type encrypted registered
[   20.049615] AppArmor: AppArmor sha1 policy hashing enabled
[   20.054387] ima: No TPM chip found, activating TPM-bypass! (rc=-19)
[   20.063334] evm: HMAC attrs: 0x1
[   20.068898]   Magic number: 14:669:475
[   20.073070] rtc_cmos rtc_cmos: setting system clock to 2018-04-24 09:27:38 UTC (1524562058)
[   20.085846] BIOS EDD facility v0.16 2004-Jun-25, 0 devices found
[   20.092088] EDD information not available.
[   20.106594] Freeing unused kernel memory: 2376K
[   20.112753] Write protecting the kernel read-only data: 18432k
[   20.120977] Freeing unused kernel memory: 2024K
[   20.127312] Freeing unused kernel memory: 96K
[   20.137239] x86/mm: Checked W+X mappings: passed, no W+X pages found.
[   20.191628] x86/mm: Checking user space page tables
[   20.219565] x86/mm: Checked W+X mappings: passed, no W+X pages found.
Loading, please wait...
starting version 234
[   20.556099] e1000: Intel(R) PRO/1000 Network Driver - version 7.3.21-k8-NAPI
[   20.565033] e1000: Copyright (c) 1999-2006 Intel Corporation.
[   20.656435] Fusion MPT base driver 3.04.20
[   20.670293] Copyright (c) 1999-2008 LSI Corporation
[   20.733572] Fusion MPT SPI Host driver 3.04.20
[   20.897520] input: ImExPS/2 Generic Explorer Mouse as /devices/platform/i8042/serio1/input/input4
[   21.372526] e1000 0000:00:03.0 eth0: (PCI:33MHz:32-bit) 02:c1:4d:46:a6:fa
[   21.398388] e1000 0000:00:03.0 eth0: Intel(R) PRO/1000 Network Connection
[   22.053917] e1000 0000:00:08.0 eth1: (PCI:33MHz:32-bit) 08:00:27:b1:52:5e
[   22.061209] e1000 0000:00:08.0 eth1: Intel(R) PRO/1000 Network Connection
[   22.098763] mptbase: ioc0: Initiating bringup
[   22.102035] e1000 0000:00:03.0 enp0s3: renamed from eth0
[   22.193739] e1000 0000:00:08.0 enp0s8: renamed from eth1
[   22.285552] ioc0: LSI53C1030 A0: Capabilities={Initiator}
[   22.611968] scsi host2: ioc0: LSI53C1030 A0, FwRev=00000000h, Ports=1, MaxQ=256, IRQ=20
[   22.813713] scsi 2:0:0:0: Direct-Access     VBOX     HARDDISK         1.0  PQ: 0 ANSI: 5
[   25.182629] floppy0: no floppy controllers found
[   25.183079] scsi target2:0:0: Beginning Domain Validation
[   25.225180] scsi target2:0:0: Domain Validation skipping write tests
[   25.237145] scsi target2:0:0: Ending Domain Validation
[   25.246218] scsi target2:0:0: asynchronous
[   25.282212] scsi 2:0:1:0: Direct-Access     VBOX     HARDDISK         1.0  PQ: 0 ANSI: 5
[   25.291658] scsi target2:0:1: Beginning Domain Validation
[   25.303843] scsi target2:0:1: Domain Validation skipping write tests
[   25.314166] scsi target2:0:1: Ending Domain Validation
[   25.323133] scsi target2:0:1: asynchronous
[   25.364730] sd 2:0:0:0: Attached scsi generic sg0 type 0
[   25..74062] sd 2:0:0:0: [sda] 20971520 512-byte logical blocks: (10.7 GB/10.0 GiB)
[   25.375245] sd 2:0:1:0: Attached scsi generic sg1 type 0
[   25.376432] sd 2:0:1:0: [sdb] 20480 512-byte logical blocks: (10.5 MB/10.0 MiB)
[   25.376724] sd 2:0:1:0: [sdb] Write Protect is off
[   25.377258] sd 2:0:1:0: [sdb] Incomplete mode parameter data
[   25.377264] sd 2:0:1:0: [sdb] Assuming drive cache: write through
[   25.411395] sd 2:0:1:0: [sdb] Attached SCSI disk
[   25.428417] sd 2:0:0:0: [sda] Write Protect is off
[   25.432986] sd 2:0:0:0: [sda] Incomplete mode parameter data
[   25.439389] sd 2:0:0:0: [sda] Assuming drive cache: write through
[   25.463286]  sda: sda1
[   25.479221] sd 2:0:0:0: [sda] Attached SCSI disk
Begin: Loading essential drivers ... [   27.928122] raid6: sse2x1   gen()  1661 MB/s
[   27.980100] raid6: sse2x1   xor()  1346 MB/s
[   28.052364] raid6: sse2x2   gen()  2181 MB/s
[   28.112096] raid6: sse2x2   xor()  1668 MB/s
[   28.180776] raid6: sse2x4   gen()  2625 MB/s
[   28.252560] raid6: sse2x4   xor()  2036 MB/s
[   28.301972] raid6: using algorithm sse2x4 gen() 2625 MB/s
[   28.367930] raid6: .... xor() 2036 MB/s, rmw enabled
[   28.415840] raid6: using ssse3x2 recovery algorithm
[   28.451245] xor: automatically using best checksumming function   avx       
[   28.546395] async_tx: api initialized (async)
done.
Begin: Running /scripts/init-premount ... done.
Begin: Mounting root file system ... Begin: Running /scripts/local-top ... done.
Begin: Runnin[   28.796445] Btrfs loaded, crc32c=crc32c-intel
g /scripts/local-premount ... Scanning for Btrfs filesystems
done.
Warning: fsck not present, so sk[   28.960430] EXT4-fs (sda1): INFO: recovery required on readonly filesystem
ipping root file[   28.993211] EXT4-fs (sda1): write access will be enabled during recovery
 system
[   29.152193] EXT4-fs (sda1): orphan cleanup on readonly fs
[   29.204110] EXT4-fs (sda1): 6 orphan inodes deleted
[   30.756246] EXT4-fs (sda1): recovery complete
[   30.769176] EXT4-fs (sda1): mounted filesystem with ordered data mode. Opts: (null)
done.
Begin: Running /scripts/local-bottom ... done.
Begin: Running /scripts/init-bottom ... /scripts/init-bottom/plymouth: line 18: /bin/plymouth: not found
done.
[   32.237461] ip_tables: (C) 2000-2006 Netfilter Core Team
[   33.922864] random: crng init done
[   35.304328] systemd[1]: systemd 234 running in system mode. (+PAM +AUDIT +SELINUX +IMA +APPARMOR +SMACK +SYSVINIT +UTMP +LIBCRYPTSETUP +GCRYPT +GNUTLS +ACL +XZ +LZ4 +SECCOMP +BLKID +ELFUTILS +KMOD -IDN2 +IDN default-hierarchy=hybrid)
[   38.203396] systemd[1]: Detected virtualization oracle.
[   38.991199] systemd[1]: Detected architecture x86-64.

Welcome to [1mUbuntu 17.10[0m!

[   39.237065] systemd[1]: Set hostname to <myprojects>.
[   42.334385] systemd[1]: Created slice User and Session Slice.
[[0;32m  OK  [0m] Created slice User and Session Slice.
[   42.368679] systemd[1]: Listening on udev Control Socket.
[[0;32m  OK  [0m] Listening on udev Control Socket.
[   42.412993] systemd[1]: Reached target User and Group Name Lookups.
[[0;32m  OK  [0m] Reached target User and Group Name Lookups.
[   42.433848] systemd[1]: Listening on udev Kernel Socket.
[[0;32m  OK  [0m] Listening on udev Kernel Socket.
[   42.461366] systemd[1]: Listening on LVM2 poll daemon socket.
[[0;32m  OK  [0m] Listening on LVM2 poll daemon socket.
[   42.489945] systemd[1]: Started Forward Password Requests to Wall Directory Watch.
[[0;32m  OK  [0m] Started Forward Password Requests to Wall Directory Watch.
[   42.511754] systemd[1]: Listening on Journal Audit Socket.
[[0;32m  OK  [0m] Listening on Journal Audit Socket.
[   42.549870] systemd[1]: Listening on LVM2 metadata daemon socket.
[[0;32m  OK  [0m] Listening on LVM2 metadata daemon socket.
[   42.571662] systemd[1]: Listening on Journal Socket.
[[0;32m  OK  [0m] Listening on Journal Socket.
[   42.976808] systemd[1]: Listening on Network Service Netlink Socket.
[[0;32m  OK  [0m] Listening on Network Service Netlink Socket.
[[0;32m  OK  [0m] Created slice System Slice.
         Mounting Kernel Debug File System...
[[0;32m  OK  [0m] Created slice system-serial\x2dgetty.slice.
         Starting Uncomplicated firewall...
[[0;32m  OK  [0m] Reached target Slices.
         Mounting POSIX Message Queue File System...
         Starting Remount Root and Kernel File Systems...
         Starting Set the console keyboard layout...
         Starting Load Kernel Modules...
[[0;32m  OK  [0m] Listening on Syslog Socket.
[[0;32m  OK  [0m] Reached target Swap.
[[0;32m  OK  [0m] Listening on Device-mapper event daemon FIFOs.
         Starting Monitoring of LVM2 mirrors…ng dmeventd or progress polling...
[[0;32m  OK  [0m] Reached target System Time Synchronized.
[[0;32m  OK  [0m] Set up automount Arbitrary Executab…rmats File System Automount Point.
[   44.109407] Loading iSCSI transport class v2.0-870.
[[0;32m  OK  [0m] Listening on Journal Socket (/dev/log).
         Starting Journal Service...
         Mounting Huge Pages File System...
         Starting Create list of required st…ce nodes for the current kernel...
[[0;32m  OK  [0m] Listening on /dev/initctl Compatibility Named Pipe.
[[0;32m  OK  [0m] Started Uncomplicated firewall.
[[0;32m  OK  [0m] Started Create list of required sta…vice nodes for the current kernel.
         Starting Create Static Device Nodes in /dev...
[   45.315333] iscsi: registered transport (tcp)
[[0;32m  OK  [0m] Started Journal Service.
[[0;32m  OK  [0m] Started Create Static Device Nodes in /dev.
         Starting udev Kernel Device Manager...
[[0;32m  OK  [0m] Mounted Kernel Debug File System.
[[0;32m  OK  [0m] Mounted POSI[   45.678747] EXT4-fs (sda1): re-mounted. Opts: (null)
X Message Queue File System.
[[0;32m  OK  [0m] Mounted Huge Pages File System.
[[0;32m  OK  [0m] Started Remount Root and Kernel File Systems.
         Starting Flush Journal to Persistent Storage...
         Starting Load/Save Random Seed...
         Starting udev Coldplug all Devices...
[   45.954695] systemd-journald[358]: Received request to flush runtime journal from PID 1
[[0;32m  OK  [0m] Started Load/Save Random Seed.
[[0;32m  OK  [0m] Started LVM2 metadata daemon.
[[0;32m  OK  [0m] Started Flush Journal to Persistent Storage.
[   46.062074] iscsi: registered transport (iser)
[[0;32m  OK  [0m] Started Load Kernel Modules.
         Starting Apply Kernel Variables...
         Mounting Kernel Configuration File System...
         Mounting FUSE Control File System...
[[0;32m  OK  [0m] Mounted Kernel Configuration File System.
[[0;32m  OK  [0m] Mounted FUSE Control File System.
[[0;32m  OK  [0m] Started udev Kernel Device Manager.
[[0;32m  OK  [0m] Started Monitoring of LVM2 mirrors,…sing dmeventd or progress polling.
[[0;32m  OK  [0m] Started Set the console keyboard layout.
[[0;32m  OK  [0m] Started Apply Kernel Variables.
[[0;32m  OK  [0m] Reached target Local File Systems (Pre).
[[0;32m  OK  [0m] Reached target Local File Systems.
         Starting Tell Plymouth To Write Out Runtime Data...
         Starting Set console font and keymap...
         Starting ebtables ruleset management...
         Starting Create Volatile Files and Directories...
         Starting AppArmor initialization...
[[0;32m  OK  [0m] Started Tell Plymouth To Write Out Runtime Data.
[[0;32m  OK  [0m] Started udev Coldplug all Devices.
[[0;32m  OK  [0m] Started Dispatch Password Requests to Console Directory Watch.
[[0;32m  OK  [0m] Reached target Encrypted Volumes.
[[0;32m  OK  [0m] Started Set console font and keymap.
[[0;32m  OK  [0m] Started Create Volatile Files and Directories.
         Starting Update UTMP about System Boot/Shutdown...
         Starting Initial cloud-init job (pre-networking)...
[[0;32m  OK  [0m] Started Update UTMP about System Boot/Shutdown.
[[0;32m  OK  [0m] Started ebtables ruleset management.
[[0;32m  OK  [0m] Found device /dev/ttyS0.
[[0;32m  OK  [0m] Started AppArmor initialization.
[[0;32m  OK  [0m] Listening on Load/Save RF Kill Switch Status /dev/rfkill Watch.
[   56.522896] cloud-init[409]: Cloud-init v. 18.2 running 'init-local' at Tue, 24 Apr 2018 09:28:13 +0000. Up 55.30 seconds.
[[0;32m  OK  [0m] Started Initial cloud-init job (pre-networking).
[[0;32m  OK  [0m] Reached target Network (Pre).
         Starting Network Service...
[[0;32m  OK  [0m] Started Network Service.
[[0;32m  OK  [0m] Reached target Network.
         Starting Network Name Resolution...
         Starting Wait for Network to be Configured...
[[0;32m  OK  [0m] Started Network Name Resolution.
[[0;32m  OK  [0m] Reached target Host and Network Name Lookups.
[ [0;31m*[0;1;31m*[0m[0;31m*  [0m] A start job is running for Wait for… to be Configured (20s / no limit)[K[  [0;31m*[0;1;31m*[0m[0;31m* [0m] A start job is running for Wait for… to be Configured (20s / no limit)[K[   [0;31m*[0;1;31m*[0m[0;31m*[0m] A start job is running for Wait for… to be Configured (21s / no limit)[K[    [0;31m*[0;1;31m*[0m] A start job is running for Wait for… to be Configured (21s / no limit)[K[     [0;31m*[0m] A start job is running for Wait for… to be Configured (22s / no limit)[K[    [0;31m*[0;1;31m*[0m] A start job is running for Wait for… to be Configured (22s / no limit)[K[   [0;31m*[0;1;31m*[0m[0;31m*[0m] A start job is running for Wait for… to be Configured (23s / no limit)[K[  [0;31m*[0;1;31m*[0m[0;31m* [0m] A start job is running for Wait for… to be Configured (23s / no limit)[K[ [0;31m*[0;1;31m*[0m[0;31m*  [0m] A start job is running for Wait for… to be Configured (24s / no limit)[K[[0;31m*[0;1;31m*[0m[0;31m*   [0m] A start job is running for Wait for… to be Configured (24s / no limit)[K[[0;1;31m*[0m[0;31m*    [0m] A start job is running for Wait for… to be Configured (25s / no limit)[K[[0m[0;31m*     [0m] A start job is running for Wait for… to be Configured (25s / no limit)[K[[0;1;31m*[0m[0;31m*    [0m] A start job is running for Wait for… to be Configured (26s / no limit)[K[[0;31m*[0;1;31m*[0m[0;31m*   [0m] A start job is running for Wait for… to be Configured (26s / no limit)[K[ [0;31m*[0;1;31m*[0m[0;31m*  [0m] A start job is running for Wait for… to be Configured (27s / no limit)[K[  [0;31m*[0;1;31m*[0m[0;31m* [0m] A start job is running for Wait for… to be Configured (27s / no limit)[K[   [0;31m*[0;1;31m*[0m[0;31m*[0m] A start job is running for Wait for… to be Configured (28s / no limit)[K[[0;32m  OK  [0m] Started Wait for Network to be Configured.
         Starting Initial cloud-init job (metadata service crawler)...
[   77.405351] cloud-init[658]: Cloud-init v. 18.2 running 'init' at Tue, 24 Apr 2018 09:28:32 +0000. Up 73.61 seconds.
[   77.432006] cloud-init[658]: ci-info: +++++++++++++++++++++++++++++Net device info++++++++++++++++++++++++++++++
[   77.449982] cloud-init[658]: ci-info: +---------+------+-----------+---------------+-------+-------------------+
[   77.464811] cloud-init[658]: ci-info: |  Device |  Up  |  Address  |      Mask     | Scope |     Hw-Address    |
[   77.491402] cloud-init[658]: ci-info: +---------+------+-----------+---------------+-------+-------------------+
[   77.506414] cloud-init[658]: ci-info: | enp0s3: | True | 10.0.2.15 | 255.255.255.0 |   .   | 02:c1:4d:46:a6:fa |
[   77.518350] cloud-init[658]: ci-info: | enp0s3: | True |     .     |       .       |   d   | 02:c1:4d:46:a6:fa |
[   77.554578] cloud-init[658]: ci-info: | enp0s8: | True |  10.3.3.2 | 255.255.255.0 |   .   | 08:00:27:b1:52:5e |
[   77.597832] cloud-init[658]: ci-info: | enp0s8: | True |     .     |       .       |   d   | 08:00:27:b1:52:5e |
[   77.625605] cloud-init[658]: ci-info: |   lo:   | True | 127.0.0.1 |   255.0.0.0   |   .   |         .         |
[   77.646326] cloud-init[658]: ci-info: |   lo:   | True |     .     |       .       |   d   |         .         |
[   77.664065] cloud-init[658]: ci-info: +---------+------+-----------+---------------+-------+-------------------+
[   77.676519] cloud-init[658]: ci-info: ++++++++++++++++++++++++++++Route IPv4 info+++++++++++++++++++++++++++++
[   77.688566] cloud-init[658]: ci-info: +-------+-------------+----------+-----------------+-----------+-------+
[[0;32m  OK  [0m] Started Initial cloud-init job (metadata service crawler).
[[0;32m  OK  [0m] Reached target Cloud-config availability.
[[0;32m  OK  [0m] Reached target System Initialization.
[[0;32m  OK  [0m] Listening on UUID daemon activation socket.
[[0;32m  OK  [0m] Listening on ACPID Listen Socket.
[   77.725227] cloud-init[658]: ci-info: | Route | Destination | Gateway  |     Genmask     | Interface | Flags |
[   77.761406] cloud-init[658]: ci-info: +-------+-------------+----------+-----------------+-----------+-------+[[0;32m  OK  [0m] Started Clean PHP session files every 30 mins.
[[0;32m  OK  [0m] Listening on D-Bus System Message Bus Socket.

[[0;32m  OK  [0m] Started systemd-resolved-update-resolvconf.path.
[   77.811817]          Starting Socket activation for snappy daemon.
[[0;32m  OK  [0m] Started Daily apt download activities.
[[0;32m  OK  [0m] Started Daily apt upgrade and clean activities.
cloud-init[658]: ci-info: |   0   |   0.0.0.0   | 10.0.2.2 |     0.0.0.0     |   enp0s3  |   UG  |
[[0;32m  OK  [0m] Started ACPI Events Check.
[[0;32m  OK  [0m] Reached target Paths.
[   77.889089] cloud-init[658]: ci-info: |   1   |   10.0.2.0  | 0.0.0.0  |  255.255.255.0  |   enp0s3  |   U   |
[   77.989867] cloud-init[658]: ci-info: |   2   |   10.0.2.2  | 0.0.0.0  | 255.255.255.255 |   enp0s3  |   UH  |
         Starting LXD - unix socket.
[[0;32m  OK  [0m] Started Message of the Day.
[[0;32m  OK  [0m] Started Daily Cleanup of Temporary Directories.
[   78.019634] cloud-init[658]: ci-info: |   3   |   10.3.3.0  | 0.0.0.0  |  255.255.255.0  |   enp0s8  |   U   |
[[0;32m  OK  [0m] Reached target Timers.
[[0;32m  OK  [0m] Reached target Network is Online.
[   78.089343] cloud-init[658]: ci-info: +-------+-------------+----------+-----------------+-----------+-------+
         Starting iSCSI initiator daemon (iscsid)...
[[0;32m  OK  [0m] Listening on Socket activation for snappy daemon.
[[0;32m  OK  [0m] Listening on LXD --unix socket.
[[0;32m  OK  [0m] Reached target Sockets.
[[0;32m  OK  [0m] Reached target Basic System.
[[0;32m  OK  [0m] Started Unattended Upgrades Shutdown.
[[0;32m  OK  [0m] Started irqbalance daemon.
         Starting Clean php session files...
[[0;32m  OK  [0m] Started Deferred execution scheduler.
         Starting Apply the settings specified in cloud-config...
         Starting Puppet agent...
         Starting Virtualbox guest utils...
         Starting OpenBSD Secure Shell server...
         Starting Accounts Service...
[[0;32m  OK  [0m] Started D-Bus System Message Bus.
[[0;32m  OK  [0m] Started Regular background program processing daemon.
         Starting Login Service...
[[0;32m  OK  [0m] Started FUSE filesystem for LXC.
         Starting System Logging Service...
         Starting LXD - container startup/shutdown...
         Starting LSB: Record successful boot for GRUB...
         Starting MySQL Community Server...
         Starting Snappy daemon...
[[0;32m  OK  [0m] Started iSCSI initiator daemon (iscsid).
[[0;32m  OK  [0m] Started OpenBSD Secure Shell server.
         Starting Authorization Manager...
[[0;32m  OK  [0m] Reached target Remote File Systems (Pre).
[[0;32m  OK  [0m] Reached target Remote File Systems.
         Starting The Apache HTTP Server...
         Starting LSB: automatic crash report generation...
         Starting Permit User Sessions...
[[0;32m  OK  [0m] Started Login Service.
[[0;32m  OK  [0m] Started Permit User Sessions.
         Starting Terminate Plymouth Boot Screen...
         Starting Hold until boot process finishes up...
[[0;32m  OK  [0m] Started Hold until boot process finishes up.
[[0;32m  OK  [0m] Started Terminate Plymouth Boot Screen.
         Starting Set console scheme...
[[0;32m  OK  [0m] Started Serial Getty on ttyS0.
[[0;32m  OK  [0m] Started Set console scheme.
[[0;32m  OK  [0m] Created slice system-getty.slice.
[[0;32m  OK  [0m] Started Getty on tty1.
[[0;32m  OK  [0m] Reached target Login Prompts.
[[0;32m  OK  [0m] Started System Logging Service.
[[0;32m  OK  [0m] Started LSB: automatic crash report generation.
[[0;32m  OK  [0m] Started Authorization Manager.
[[0;32m  OK  [0m] Started Accounts Service.
[[0;32m  OK  [0m] Started LSB: Record successful boot for GRUB.
[[0;32m  OK  [0m] Started Virtualbox guest utils.
[   86.192645] cloud-init[775]: Cloud-init v. 18.2 running 'modules:config' at Tue, 24 Apr 2018 09:28:41 +0000. Up 82.66 seconds.
[[0;32m  OK  [0m] Started Apply the settings specified in cloud-config.
[[0;32m  OK  [0m] Created slice User Slice of vagrant.

Ubuntu 17.10 myprojects ttyS0

myprojects login: [  120.629461] cloud-init[1766]: Cloud-init v. 18.2 running 'modules:final' at Tue, 24 Apr 2018 09:29:17 +0000. Up 119.00 seconds.
[  120.631530] cloud-init[1766]: Cloud-init v. 18.2 finished at Tue, 24 Apr 2018 09:29:19 +0000. Datasource DataSourceNoCloud [seed=/dev/sdb][dsmode=net].  Up 120.58 seconds
         Stopping MySQL Community Server...
[[0;32m  OK  [0m] Stopped MySQL Community Server.
         Starting MySQL Community Server...
[[0;32m  OK  [0m] Started MySQL Community Server.
         Stopping MySQL Community Server...
[[0;32m  OK  [0m] Stopped MySQL Community Server.
         Starting MySQL Community Server...
[[0;32m  OK  [0m] Started MySQL Community Server.
[[0;32m  OK  [0m] Started Daily apt upgrade and clean activities.
